{"message":"Cast to ObjectId failed for value \"5d9fc5bd35a88096d0cd7df0a37\" at path \"host\" for model \"jobs\"","name":"CastError","stringValue":"\"5d9fc5bd35a88096d0cd7df0a37\"","kind":"ObjectId","value":"5d9fc5bd35a88096d0cd7df0a37","path":"host","isBoom":true,"isServer":true,"data":null,"output":{"statusCode":500,"payload":{"statusCode":500,"error":"Internal Server Error","message":"An internal server error occurred"},"headers":{}},"level":"error"}
{"isBoom":true,"isServer":false,"data":null,"output":{"statusCode":422,"payload":{"statusCode":422,"error":"Unprocessable Entity","message":"Unexpected token a in JSON at position 1"},"headers":{}},"level":"error"}
{"message":"Cast to ObjectId failed for value \"12\" at path \"host\" for model \"jobs\"","name":"CastError","stringValue":"\"12\"","kind":"ObjectId","value":12,"path":"host","isBoom":true,"isServer":true,"data":null,"output":{"statusCode":500,"payload":{"statusCode":500,"error":"Internal Server Error","message":"An internal server error occurred"},"headers":{}},"level":"error"}
{"message":"Cast to ObjectId failed for value \"a6d0c7f0a37\" at path \"host\" for model \"jobs\"","name":"CastError","stringValue":"\"a6d0c7f0a37\"","kind":"ObjectId","value":"a6d0c7f0a37","path":"host","isBoom":true,"isServer":true,"data":null,"output":{"statusCode":500,"payload":{"statusCode":500,"error":"Internal Server Error","message":"An internal server error occurred"},"headers":{}},"level":"error"}
{"isBoom":true,"isServer":false,"data":null,"output":{"statusCode":422,"payload":{"statusCode":422,"error":"Unprocessable Entity","message":"Unexpected token a in JSON at position 2"},"headers":{}},"level":"error"}
{"isBoom":true,"isServer":false,"data":null,"output":{"statusCode":422,"payload":{"statusCode":422,"error":"Unprocessable Entity","message":"Unexpected token a in JSON at position 1"},"headers":{}},"level":"error"}
{"message":"Cast to ObjectId failed for value \"5cd9adfc5b3588096d0c7f0a37\" at path \"host\" for model \"jobs\"","name":"CastError","stringValue":"\"5cd9adfc5b3588096d0c7f0a37\"","kind":"ObjectId","value":"5cd9adfc5b3588096d0c7f0a37","path":"host","isBoom":true,"isServer":true,"data":null,"output":{"statusCode":500,"payload":{"statusCode":500,"error":"Internal Server Error","message":"An internal server error occurred"},"headers":{}},"level":"error"}
{"isBoom":true,"isServer":false,"data":null,"output":{"statusCode":422,"payload":{"statusCode":422,"error":"Unprocessable Entity","message":"Unexpected token } in JSON at position 13"},"headers":{}},"level":"error"}
{"message":"Cast to ObjectId failed for value \"1\" at path \"host\" for model \"jobs\"","name":"CastError","stringValue":"\"1\"","kind":"ObjectId","value":1,"path":"host","isBoom":true,"isServer":true,"data":null,"output":{"statusCode":500,"payload":{"statusCode":500,"error":"Internal Server Error","message":"An internal server error occurred"},"headers":{}},"level":"error"}
{"isBoom":true,"isServer":false,"data":null,"output":{"statusCode":422,"payload":{"statusCode":422,"error":"Unprocessable Entity","message":"Unexpected token d in JSON at position 14"},"headers":{}},"level":"error"}
{"isBoom":true,"isServer":false,"data":null,"output":{"statusCode":422,"payload":{"statusCode":422,"error":"Unprocessable Entity","message":"Unexpected token d in JSON at position 14"},"headers":{}},"level":"error"}
{"isBoom":true,"isServer":false,"data":null,"output":{"statusCode":422,"payload":{"statusCode":422,"error":"Unprocessable Entity","message":"Unexpected token ' in JSON at position 13"},"headers":{}},"level":"error"}
{"message":"Cast to ObjectId failed for value \"ad\" at path \"host\" for model \"jobs\"","name":"CastError","stringValue":"\"ad\"","kind":"ObjectId","value":"ad","path":"host","isBoom":true,"isServer":true,"data":null,"output":{"statusCode":500,"payload":{"statusCode":500,"error":"Internal Server Error","message":"An internal server error occurred"},"headers":{}},"level":"error"}
{"message":"Cast to ObjectId failed for value \"add\" at path \"host\" for model \"jobs\"","name":"CastError","stringValue":"\"add\"","kind":"ObjectId","value":"add","path":"host","isBoom":true,"isServer":true,"data":null,"output":{"statusCode":500,"payload":{"statusCode":500,"error":"Internal Server Error","message":"An internal server error occurred"},"headers":{}},"level":"error"}
{"data":{"title":"\"title\" is required","payout":"\"payout\" is required","venue":"\"venue\" is required","date":"\"date\" is required","description":"\"description\" is required"},"isBoom":true,"isServer":false,"output":{"statusCode":422,"payload":{"statusCode":422,"error":"Unprocessable Entity","message":"Bad data"},"headers":{}},"level":"error"}
{"isBoom":true,"isServer":false,"data":null,"output":{"statusCode":422,"payload":{"statusCode":422,"error":"Unprocessable Entity","message":"Unexpected token a in JSON at position 1"},"headers":{}},"level":"error"}
{"message":"Cast to ObjectId failed for value \"asd\" at path \"host\" for model \"jobs\"","name":"CastError","stringValue":"\"asd\"","kind":"ObjectId","value":"asd","path":"host","isBoom":true,"isServer":true,"data":null,"output":{"statusCode":500,"payload":{"statusCode":500,"error":"Internal Server Error","message":"An internal server error occurred"},"headers":{}},"level":"error"}
{"message":"Cast to ObjectId failed for value \"asdd\" at path \"host\" for model \"jobs\"","name":"CastError","stringValue":"\"asdd\"","kind":"ObjectId","value":"asdd","path":"host","isBoom":true,"isServer":true,"data":null,"output":{"statusCode":500,"payload":{"statusCode":500,"error":"Internal Server Error","message":"An internal server error occurred"},"headers":{}},"level":"error"}
{"message":"Cast to ObjectId failed for value \"asddd\" at path \"host\" for model \"jobs\"","name":"CastError","stringValue":"\"asddd\"","kind":"ObjectId","value":"asddd","path":"host","isBoom":true,"isServer":true,"data":null,"output":{"statusCode":500,"payload":{"statusCode":500,"error":"Internal Server Error","message":"An internal server error occurred"},"headers":{}},"level":"error"}
{"message":"Cast to ObjectId failed for value \"asdddd\" at path \"host\" for model \"jobs\"","name":"CastError","stringValue":"\"asdddd\"","kind":"ObjectId","value":"asdddd","path":"host","isBoom":true,"isServer":true,"data":null,"output":{"statusCode":500,"payload":{"statusCode":500,"error":"Internal Server Error","message":"An internal server error occurred"},"headers":{}},"level":"error"}
{"isBoom":true,"isServer":false,"data":null,"output":{"statusCode":422,"payload":{"statusCode":422,"error":"Unprocessable Entity","message":"Unexpected end of JSON input"},"headers":{}},"level":"error"}
{"isBoom":true,"isServer":false,"data":null,"output":{"statusCode":422,"payload":{"statusCode":422,"error":"Unprocessable Entity","message":"Unexpected token a in JSON at position 0"},"headers":{}},"level":"error"}
{"isBoom":true,"isServer":false,"data":null,"output":{"statusCode":422,"payload":{"statusCode":422,"error":"Unprocessable Entity","message":"Unexpected token { in JSON at position 1"},"headers":{}},"level":"error"}
{"message":"Cast to number failed for value \"{ lt: 120 }\" at path \"payout\" for model \"jobs\"","name":"CastError","stringValue":"\"{ lt: 120 }\"","kind":"number","value":{"lt":120},"path":"payout","isBoom":true,"isServer":true,"data":null,"output":{"statusCode":500,"payload":{"statusCode":500,"error":"Internal Server Error","message":"An internal server error occurred"},"headers":{}},"level":"error"}
{"isBoom":true,"isServer":false,"data":null,"output":{"statusCode":422,"payload":{"statusCode":422,"error":"Unprocessable Entity","message":"Unexpected token a in JSON at position 8"},"headers":{}},"level":"error"}
{"isBoom":true,"isServer":false,"data":null,"output":{"statusCode":422,"payload":{"statusCode":422,"error":"Unprocessable Entity","message":"Unexpected token a in JSON at position 8"},"headers":{}},"level":"error"}
{"isBoom":true,"isServer":false,"data":null,"output":{"statusCode":422,"payload":{"statusCode":422,"error":"Unprocessable Entity","message":"Unexpected token a in JSON at position 3"},"headers":{}},"level":"error"}
{"data":null,"isBoom":true,"isServer":false,"output":{"statusCode":401,"payload":{"statusCode":401,"error":"Unauthorized","message":"User is not authenticated"},"headers":{}},"level":"error"}
{"data":{"description":"\"description\" is required"},"isBoom":true,"isServer":false,"output":{"statusCode":422,"payload":{"statusCode":422,"error":"Unprocessable Entity","message":"Bad data"},"headers":{}},"level":"error"}
{"isBoom":true,"isServer":true,"data":null,"output":{"statusCode":500,"payload":{"statusCode":500,"error":"Internal Server Error","message":"An internal server error occurred"},"headers":{}},"level":"error"}
{"message":"Parameter \"obj\" to Document() must be an object, got 1","name":"ObjectParameterError","isBoom":true,"isServer":true,"data":null,"output":{"statusCode":500,"payload":{"statusCode":500,"error":"Internal Server Error","message":"An internal server error occurred"},"headers":{}},"level":"error"}
{"generatedMessage":true,"name":"AssertionError [ERR_ASSERTION]","code":"ERR_ASSERTION","actual":false,"expected":true,"operator":"==","isBoom":true,"isServer":true,"data":null,"output":{"statusCode":500,"payload":{"statusCode":500,"error":"Internal Server Error","message":"An internal server error occurred"},"headers":{}},"level":"error"}
{"data":null,"isBoom":true,"isServer":false,"output":{"statusCode":401,"payload":{"statusCode":401,"error":"Unauthorized","message":"User is not authenticated"},"headers":{}},"level":"error"}
{"data":null,"isBoom":true,"isServer":false,"output":{"statusCode":401,"payload":{"statusCode":401,"error":"Unauthorized","message":"User is not authenticated"},"headers":{}},"level":"error"}
{"data":null,"isBoom":true,"isServer":false,"output":{"statusCode":401,"payload":{"statusCode":401,"error":"Unauthorized","message":"User is not authenticated"},"headers":{}},"level":"error"}
{"data":null,"isBoom":true,"isServer":false,"output":{"statusCode":401,"payload":{"statusCode":401,"error":"Unauthorized","message":"User is not authenticated"},"headers":{}},"level":"error"}
